<?xml version="1.0" encoding="UTF-8"?>
<coverage generated="1765210432778" clover="3.2.0">
  <project timestamp="1765210432779" name="All files">
    <metrics statements="158" coveredstatements="111" conditionals="123" coveredconditionals="90" methods="26" coveredmethods="23" elements="307" coveredelements="224" complexity="0" loc="158" ncloc="158" packages="1" files="1" classes="1"/>
    <file name="index.js" path="/home/khalifa/Downloads/notes-app/index.js">
      <metrics statements="158" coveredstatements="111" conditionals="123" coveredconditionals="90" methods="26" coveredmethods="23"/>
      <line num="1" count="1" type="stmt"/>
      <line num="2" count="1" type="stmt"/>
      <line num="3" count="1" type="stmt"/>
      <line num="4" count="1" type="stmt"/>
      <line num="7" count="1" type="stmt"/>
      <line num="8" count="1" type="stmt"/>
      <line num="9" count="1" type="stmt"/>
      <line num="12" count="1" type="stmt"/>
      <line num="20" count="1" type="stmt"/>
      <line num="23" count="1" type="stmt"/>
      <line num="31" count="1" type="stmt"/>
      <line num="32" count="1" type="stmt"/>
      <line num="35" count="0" type="stmt"/>
      <line num="47" count="0" type="stmt"/>
      <line num="62" count="0" type="stmt"/>
      <line num="72" count="0" type="stmt"/>
      <line num="74" count="1" type="stmt"/>
      <line num="75" count="1" type="stmt"/>
      <line num="81" count="52" type="stmt"/>
      <line num="82" count="52" type="cond" truecount="2" falsecount="0"/>
      <line num="84" count="38" type="cond" truecount="1" falsecount="1"/>
      <line num="85" count="631" type="cond" truecount="1" falsecount="1"/>
      <line num="88" count="0" type="stmt"/>
      <line num="89" count="0" type="cond" truecount="0" falsecount="2"/>
      <line num="93" count="1" type="stmt"/>
      <line num="94" count="0" type="stmt"/>
      <line num="98" count="1" type="stmt"/>
      <line num="99" count="2" type="stmt"/>
      <line num="103" count="1" type="stmt"/>
      <line num="104" count="33" type="stmt"/>
      <line num="105" count="33" type="cond" truecount="5" falsecount="0"/>
      <line num="106" count="30" type="stmt"/>
      <line num="107" count="30" type="cond" truecount="1" falsecount="1"/>
      <line num="108" count="314" type="cond" truecount="2" falsecount="0"/>
      <line num="109" count="5" type="stmt"/>
      <line num="111" count="300" type="cond" truecount="2" falsecount="0"/>
      <line num="112" count="25" type="stmt"/>
      <line num="113" count="25" type="stmt"/>
      <line num="114" count="25" type="stmt"/>
      <line num="116" count="0" type="stmt"/>
      <line num="117" count="0" type="stmt"/>
      <line num="120" count="0" type="stmt"/>
      <line num="121" count="0" type="stmt"/>
      <line num="125" count="1" type="stmt"/>
      <line num="126" count="5" type="stmt"/>
      <line num="127" count="5" type="cond" truecount="4" falsecount="0"/>
      <line num="128" count="3" type="stmt"/>
      <line num="130" count="3" type="cond" truecount="1" falsecount="1"/>
      <line num="131" count="9" type="cond" truecount="2" falsecount="0"/>
      <line num="132" count="3" type="cond" truecount="2" falsecount="0"/>
      <line num="134" count="1" type="stmt"/>
      <line num="136" count="0" type="stmt"/>
      <line num="137" count="0" type="cond" truecount="0" falsecount="2"/>
      <line num="138" count="0" type="stmt"/>
      <line num="141" count="0" type="stmt"/>
      <line num="142" count="0" type="stmt"/>
      <line num="147" count="1" type="stmt"/>
      <line num="148" count="25" type="stmt"/>
      <line num="149" count="25" type="stmt"/>
      <line num="150" count="25" type="cond" truecount="2" falsecount="0"/>
      <line num="152" count="24" type="stmt"/>
      <line num="153" count="24" type="cond" truecount="4" falsecount="0"/>
      <line num="156" count="21" type="cond" truecount="4" falsecount="0"/>
      <line num="157" count="20" type="cond" truecount="3" falsecount="1"/>
      <line num="159" count="20" type="cond" truecount="1" falsecount="1"/>
      <line num="160" count="190" type="cond" truecount="2" falsecount="0"/>
      <line num="161" count="20" type="stmt"/>
      <line num="162" count="20" type="stmt"/>
      <line num="163" count="20" type="stmt"/>
      <line num="165" count="0" type="stmt"/>
      <line num="169" count="0" type="stmt"/>
      <line num="172" count="0" type="stmt"/>
      <line num="173" count="0" type="stmt"/>
      <line num="178" count="1" type="stmt"/>
      <line num="179" count="3" type="stmt"/>
      <line num="180" count="3" type="stmt"/>
      <line num="181" count="3" type="stmt"/>
      <line num="183" count="3" type="cond" truecount="4" falsecount="0"/>
      <line num="186" count="2" type="cond" truecount="1" falsecount="1"/>
      <line num="187" count="2" type="cond" truecount="4" falsecount="0"/>
      <line num="189" count="1" type="stmt"/>
      <line num="190" count="46" type="stmt"/>
      <line num="191" count="5" type="stmt"/>
      <line num="199" count="3" type="stmt"/>
      <line num="202" count="0" type="cond" truecount="0" falsecount="4"/>
      <line num="203" count="0" type="stmt"/>
      <line num="205" count="0" type="stmt"/>
      <line num="209" count="2" type="stmt"/>
      <line num="211" count="0" type="stmt"/>
      <line num="212" count="0" type="stmt"/>
      <line num="217" count="1" type="stmt"/>
      <line num="218" count="10" type="stmt"/>
      <line num="219" count="10" type="stmt"/>
      <line num="220" count="10" type="stmt"/>
      <line num="221" count="10" type="cond" truecount="6" falsecount="0"/>
      <line num="223" count="9" type="stmt"/>
      <line num="224" count="9" type="stmt"/>
      <line num="225" count="9" type="cond" truecount="2" falsecount="0"/>
      <line num="227" count="8" type="cond" truecount="2" falsecount="0"/>
      <line num="228" count="8" type="cond" truecount="1" falsecount="1"/>
      <line num="230" count="8" type="cond" truecount="1" falsecount="1"/>
      <line num="231" count="104" type="stmt"/>
      <line num="232" count="8" type="cond" truecount="2" falsecount="0"/>
      <line num="233" count="7" type="stmt"/>
      <line num="234" count="7" type="stmt"/>
      <line num="235" count="7" type="stmt"/>
      <line num="236" count="7" type="stmt"/>
      <line num="238" count="0" type="stmt"/>
      <line num="239" count="0" type="cond" truecount="0" falsecount="2"/>
      <line num="240" count="0" type="stmt"/>
      <line num="243" count="0" type="stmt"/>
      <line num="244" count="0" type="stmt"/>
      <line num="249" count="1" type="stmt"/>
      <line num="250" count="11" type="stmt"/>
      <line num="251" count="11" type="stmt"/>
      <line num="252" count="11" type="cond" truecount="2" falsecount="0"/>
      <line num="254" count="10" type="stmt"/>
      <line num="255" count="10" type="stmt"/>
      <line num="256" count="10" type="cond" truecount="4" falsecount="0"/>
      <line num="258" count="8" type="cond" truecount="1" falsecount="1"/>
      <line num="259" count="144" type="stmt"/>
      <line num="260" count="8" type="cond" truecount="2" falsecount="0"/>
      <line num="261" count="7" type="cond" truecount="2" falsecount="2"/>
      <line num="263" count="21" type="cond" truecount="2" falsecount="0"/>
      <line num="264" count="7" type="stmt"/>
      <line num="265" count="7" type="stmt"/>
      <line num="266" count="7" type="stmt"/>
      <line num="269" count="0" type="stmt"/>
      <line num="270" count="0" type="stmt"/>
      <line num="271" count="0" type="cond" truecount="0" falsecount="2"/>
      <line num="272" count="0" type="cond" truecount="0" falsecount="4"/>
      <line num="274" count="0" type="stmt"/>
      <line num="275" count="0" type="stmt"/>
      <line num="278" count="0" type="stmt"/>
      <line num="279" count="0" type="stmt"/>
      <line num="284" count="1" type="stmt"/>
      <line num="285" count="3" type="stmt"/>
      <line num="286" count="3" type="stmt"/>
      <line num="287" count="3" type="cond" truecount="2" falsecount="0"/>
      <line num="289" count="2" type="stmt"/>
      <line num="291" count="2" type="cond" truecount="1" falsecount="1"/>
      <line num="293" count="38" type="stmt"/>
      <line num="294" count="2" type="cond" truecount="2" falsecount="0"/>
      <line num="296" count="3" type="stmt"/>
      <line num="297" count="1" type="stmt"/>
      <line num="300" count="0" type="stmt"/>
      <line num="301" count="0" type="cond" truecount="0" falsecount="2"/>
      <line num="303" count="0" type="stmt"/>
      <line num="304" count="0" type="stmt"/>
      <line num="307" count="0" type="stmt"/>
      <line num="308" count="0" type="stmt"/>
      <line num="312" count="1" type="cond" truecount="2" falsecount="0"/>
      <line num="315" count="0" type="stmt"/>
      <line num="316" count="0" type="stmt"/>
      <line num="321" count="1" type="stmt"/>
      <line num="324" count="1" type="cond" truecount="1" falsecount="1"/>
      <line num="325" count="0" type="stmt"/>
      <line num="329" count="1" type="stmt"/>
    </file>
  </project>
</coverage>
