{"/home/khalifa/Downloads/notes-app/index.js": {"path":"/home/khalifa/Downloads/notes-app/index.js","statementMap":{"0":{"start":{"line":1,"column":16},"end":{"line":1,"column":34}},"1":{"start":{"line":2,"column":14},"end":{"line":2,"column":39}},"2":{"start":{"line":3,"column":13},"end":{"line":3,"column":28}},"3":{"start":{"line":4,"column":12},"end":{"line":4,"column":21}},"4":{"start":{"line":7,"column":0},"end":{"line":7,"column":24}},"5":{"start":{"line":8,"column":0},"end":{"line":8,"column":48}},"6":{"start":{"line":9,"column":0},"end":{"line":9,"column":34}},"7":{"start":{"line":12,"column":17},"end":{"line":17,"column":1}},"8":{"start":{"line":20,"column":19},"end":{"line":20,"column":24}},"9":{"start":{"line":23,"column":20},"end":{"line":27,"column":1}},"10":{"start":{"line":31,"column":2},"end":{"line":76,"column":3}},"11":{"start":{"line":32,"column":4},"end":{"line":32,"column":48}},"12":{"start":{"line":35,"column":4},"end":{"line":44,"column":7}},"13":{"start":{"line":47,"column":4},"end":{"line":59,"column":7}},"14":{"start":{"line":62,"column":4},"end":{"line":70,"column":7}},"15":{"start":{"line":72,"column":4},"end":{"line":72,"column":57}},"16":{"start":{"line":74,"column":4},"end":{"line":74,"column":94}},"17":{"start":{"line":75,"column":4},"end":{"line":75,"column":24}},"18":{"start":{"line":81,"column":17},"end":{"line":81,"column":40}},"19":{"start":{"line":82,"column":2},"end":{"line":82,"column":27}},"20":{"start":{"line":82,"column":15},"end":{"line":82,"column":27}},"21":{"start":{"line":84,"column":2},"end":{"line":86,"column":3}},"22":{"start":{"line":85,"column":4},"end":{"line":85,"column":78}},"23":{"start":{"line":85,"column":39},"end":{"line":85,"column":68}},"24":{"start":{"line":88,"column":17},"end":{"line":88,"column":103}},"25":{"start":{"line":89,"column":2},"end":{"line":89,"column":25}},"26":{"start":{"line":93,"column":0},"end":{"line":95,"column":3}},"27":{"start":{"line":94,"column":2},"end":{"line":94,"column":61}},"28":{"start":{"line":98,"column":0},"end":{"line":100,"column":3}},"29":{"start":{"line":99,"column":2},"end":{"line":99,"column":78}},"30":{"start":{"line":103,"column":0},"end":{"line":123,"column":3}},"31":{"start":{"line":104,"column":36},"end":{"line":104,"column":44}},"32":{"start":{"line":105,"column":2},"end":{"line":105,"column":107}},"33":{"start":{"line":105,"column":36},"end":{"line":105,"column":107}},"34":{"start":{"line":106,"column":2},"end":{"line":122,"column":3}},"35":{"start":{"line":107,"column":4},"end":{"line":118,"column":5}},"36":{"start":{"line":108,"column":6},"end":{"line":110,"column":7}},"37":{"start":{"line":108,"column":38},"end":{"line":108,"column":55}},"38":{"start":{"line":109,"column":8},"end":{"line":109,"column":75}},"39":{"start":{"line":111,"column":17},"end":{"line":111,"column":103}},"40":{"start":{"line":111,"column":88},"end":{"line":111,"column":92}},"41":{"start":{"line":112,"column":19},"end":{"line":112,"column":99}},"42":{"start":{"line":113,"column":6},"end":{"line":113,"column":35}},"43":{"start":{"line":114,"column":6},"end":{"line":114,"column":48}},"44":{"start":{"line":116,"column":23},"end":{"line":116,"column":126}},"45":{"start":{"line":117,"column":6},"end":{"line":117,"column":65}},"46":{"start":{"line":120,"column":4},"end":{"line":120,"column":42}},"47":{"start":{"line":121,"column":4},"end":{"line":121,"column":63}},"48":{"start":{"line":125,"column":0},"end":{"line":144,"column":3}},"49":{"start":{"line":126,"column":30},"end":{"line":126,"column":38}},"50":{"start":{"line":127,"column":2},"end":{"line":127,"column":93}},"51":{"start":{"line":127,"column":27},"end":{"line":127,"column":93}},"52":{"start":{"line":128,"column":2},"end":{"line":143,"column":3}},"53":{"start":{"line":130,"column":4},"end":{"line":139,"column":5}},"54":{"start":{"line":131,"column":6},"end":{"line":131,"column":87}},"55":{"start":{"line":131,"column":41},"end":{"line":131,"column":85}},"56":{"start":{"line":132,"column":6},"end":{"line":132,"column":79}},"57":{"start":{"line":132,"column":17},"end":{"line":132,"column":79}},"58":{"start":{"line":134,"column":6},"end":{"line":134,"column":103}},"59":{"start":{"line":136,"column":21},"end":{"line":136,"column":136}},"60":{"start":{"line":137,"column":6},"end":{"line":137,"column":91}},"61":{"start":{"line":137,"column":29},"end":{"line":137,"column":91}},"62":{"start":{"line":138,"column":6},"end":{"line":138,"column":34}},"63":{"start":{"line":141,"column":4},"end":{"line":141,"column":39}},"64":{"start":{"line":142,"column":4},"end":{"line":142,"column":52}},"65":{"start":{"line":147,"column":0},"end":{"line":175,"column":3}},"66":{"start":{"line":148,"column":2},"end":{"line":174,"column":3}},"67":{"start":{"line":149,"column":17},"end":{"line":149,"column":45}},"68":{"start":{"line":150,"column":4},"end":{"line":150,"column":101}},"69":{"start":{"line":150,"column":15},"end":{"line":150,"column":101}},"70":{"start":{"line":152,"column":36},"end":{"line":152,"column":44}},"71":{"start":{"line":153,"column":4},"end":{"line":153,"column":107}},"72":{"start":{"line":153,"column":33},"end":{"line":153,"column":107}},"73":{"start":{"line":156,"column":4},"end":{"line":156,"column":103}},"74":{"start":{"line":156,"column":41},"end":{"line":156,"column":103}},"75":{"start":{"line":157,"column":4},"end":{"line":157,"column":122}},"76":{"start":{"line":157,"column":47},"end":{"line":157,"column":122}},"77":{"start":{"line":159,"column":4},"end":{"line":170,"column":5}},"78":{"start":{"line":160,"column":17},"end":{"line":160,"column":103}},"79":{"start":{"line":160,"column":88},"end":{"line":160,"column":92}},"80":{"start":{"line":161,"column":19},"end":{"line":161,"column":159}},"81":{"start":{"line":162,"column":6},"end":{"line":162,"column":35}},"82":{"start":{"line":163,"column":6},"end":{"line":163,"column":54}},"83":{"start":{"line":165,"column":23},"end":{"line":168,"column":7}},"84":{"start":{"line":169,"column":6},"end":{"line":169,"column":71}},"85":{"start":{"line":172,"column":4},"end":{"line":172,"column":45}},"86":{"start":{"line":173,"column":4},"end":{"line":173,"column":61}},"87":{"start":{"line":178,"column":0},"end":{"line":214,"column":3}},"88":{"start":{"line":179,"column":2},"end":{"line":213,"column":3}},"89":{"start":{"line":180,"column":17},"end":{"line":180,"column":45}},"90":{"start":{"line":181,"column":26},"end":{"line":181,"column":58}},"91":{"start":{"line":183,"column":4},"end":{"line":183,"column":96}},"92":{"start":{"line":183,"column":33},"end":{"line":183,"column":96}},"93":{"start":{"line":186,"column":4},"end":{"line":207,"column":5}},"94":{"start":{"line":187,"column":6},"end":{"line":200,"column":7}},"95":{"start":{"line":189,"column":8},"end":{"line":196,"column":11}},"96":{"start":{"line":190,"column":28},"end":{"line":190,"column":78}},"97":{"start":{"line":190,"column":56},"end":{"line":190,"column":77}},"98":{"start":{"line":191,"column":10},"end":{"line":195,"column":12}},"99":{"start":{"line":199,"column":8},"end":{"line":199,"column":68}},"100":{"start":{"line":199,"column":45},"end":{"line":199,"column":66}},"101":{"start":{"line":202,"column":6},"end":{"line":206,"column":7}},"102":{"start":{"line":203,"column":8},"end":{"line":203,"column":175}},"103":{"start":{"line":205,"column":8},"end":{"line":205,"column":111}},"104":{"start":{"line":209,"column":4},"end":{"line":209,"column":19}},"105":{"start":{"line":211,"column":4},"end":{"line":211,"column":44}},"106":{"start":{"line":212,"column":4},"end":{"line":212,"column":60}},"107":{"start":{"line":217,"column":0},"end":{"line":246,"column":3}},"108":{"start":{"line":218,"column":2},"end":{"line":245,"column":3}},"109":{"start":{"line":219,"column":26},"end":{"line":219,"column":58}},"110":{"start":{"line":220,"column":17},"end":{"line":220,"column":45}},"111":{"start":{"line":221,"column":4},"end":{"line":221,"column":116}},"112":{"start":{"line":221,"column":52},"end":{"line":221,"column":116}},"113":{"start":{"line":223,"column":19},"end":{"line":223,"column":29}},"114":{"start":{"line":224,"column":23},"end":{"line":224,"column":31}},"115":{"start":{"line":225,"column":4},"end":{"line":225,"column":106}},"116":{"start":{"line":225,"column":49},"end":{"line":225,"column":106}},"117":{"start":{"line":227,"column":19},"end":{"line":227,"column":65}},"118":{"start":{"line":228,"column":23},"end":{"line":228,"column":53}},"119":{"start":{"line":230,"column":4},"end":{"line":241,"column":5}},"120":{"start":{"line":231,"column":19},"end":{"line":231,"column":73}},"121":{"start":{"line":231,"column":47},"end":{"line":231,"column":72}},"122":{"start":{"line":232,"column":6},"end":{"line":232,"column":74}},"123":{"start":{"line":232,"column":17},"end":{"line":232,"column":74}},"124":{"start":{"line":233,"column":6},"end":{"line":233,"column":27}},"125":{"start":{"line":234,"column":6},"end":{"line":234,"column":36}},"126":{"start":{"line":235,"column":6},"end":{"line":235,"column":50}},"127":{"start":{"line":236,"column":6},"end":{"line":236,"column":40}},"128":{"start":{"line":238,"column":23},"end":{"line":238,"column":147}},"129":{"start":{"line":239,"column":6},"end":{"line":239,"column":94}},"130":{"start":{"line":239,"column":37},"end":{"line":239,"column":94}},"131":{"start":{"line":240,"column":6},"end":{"line":240,"column":31}},"132":{"start":{"line":243,"column":4},"end":{"line":243,"column":42}},"133":{"start":{"line":244,"column":4},"end":{"line":244,"column":65}},"134":{"start":{"line":249,"column":0},"end":{"line":281,"column":3}},"135":{"start":{"line":250,"column":2},"end":{"line":280,"column":3}},"136":{"start":{"line":251,"column":17},"end":{"line":251,"column":45}},"137":{"start":{"line":252,"column":4},"end":{"line":252,"column":101}},"138":{"start":{"line":252,"column":15},"end":{"line":252,"column":101}},"139":{"start":{"line":254,"column":19},"end":{"line":254,"column":29}},"140":{"start":{"line":255,"column":23},"end":{"line":255,"column":31}},"141":{"start":{"line":256,"column":4},"end":{"line":256,"column":99}},"142":{"start":{"line":256,"column":32},"end":{"line":256,"column":99}},"143":{"start":{"line":258,"column":4},"end":{"line":276,"column":5}},"144":{"start":{"line":259,"column":19},"end":{"line":259,"column":73}},"145":{"start":{"line":259,"column":47},"end":{"line":259,"column":72}},"146":{"start":{"line":260,"column":6},"end":{"line":260,"column":74}},"147":{"start":{"line":260,"column":17},"end":{"line":260,"column":74}},"148":{"start":{"line":261,"column":6},"end":{"line":261,"column":125}},"149":{"start":{"line":261,"column":54},"end":{"line":261,"column":125}},"150":{"start":{"line":263,"column":22},"end":{"line":263,"column":118}},"151":{"start":{"line":263,"column":103},"end":{"line":263,"column":107}},"152":{"start":{"line":264,"column":24},"end":{"line":264,"column":109}},"153":{"start":{"line":265,"column":6},"end":{"line":265,"column":45}},"154":{"start":{"line":266,"column":6},"end":{"line":266,"column":65}},"155":{"start":{"line":269,"column":22},"end":{"line":269,"column":80}},"156":{"start":{"line":270,"column":19},"end":{"line":270,"column":27}},"157":{"start":{"line":271,"column":6},"end":{"line":271,"column":74}},"158":{"start":{"line":271,"column":17},"end":{"line":271,"column":74}},"159":{"start":{"line":272,"column":6},"end":{"line":272,"column":125}},"160":{"start":{"line":272,"column":54},"end":{"line":272,"column":125}},"161":{"start":{"line":274,"column":23},"end":{"line":274,"column":111}},"162":{"start":{"line":275,"column":6},"end":{"line":275,"column":73}},"163":{"start":{"line":278,"column":4},"end":{"line":278,"column":43}},"164":{"start":{"line":279,"column":4},"end":{"line":279,"column":66}},"165":{"start":{"line":284,"column":0},"end":{"line":310,"column":3}},"166":{"start":{"line":285,"column":2},"end":{"line":309,"column":3}},"167":{"start":{"line":286,"column":17},"end":{"line":286,"column":45}},"168":{"start":{"line":287,"column":4},"end":{"line":287,"column":101}},"169":{"start":{"line":287,"column":15},"end":{"line":287,"column":101}},"170":{"start":{"line":289,"column":19},"end":{"line":289,"column":29}},"171":{"start":{"line":291,"column":4},"end":{"line":305,"column":5}},"172":{"start":{"line":293,"column":19},"end":{"line":293,"column":73}},"173":{"start":{"line":293,"column":47},"end":{"line":293,"column":72}},"174":{"start":{"line":294,"column":6},"end":{"line":294,"column":74}},"175":{"start":{"line":294,"column":17},"end":{"line":294,"column":74}},"176":{"start":{"line":296,"column":19},"end":{"line":296,"column":85}},"177":{"start":{"line":296,"column":54},"end":{"line":296,"column":84}},"178":{"start":{"line":297,"column":6},"end":{"line":297,"column":21}},"179":{"start":{"line":300,"column":22},"end":{"line":300,"column":81}},"180":{"start":{"line":301,"column":6},"end":{"line":301,"column":87}},"181":{"start":{"line":301,"column":30},"end":{"line":301,"column":87}},"182":{"start":{"line":303,"column":21},"end":{"line":303,"column":111}},"183":{"start":{"line":304,"column":6},"end":{"line":304,"column":21}},"184":{"start":{"line":307,"column":4},"end":{"line":307,"column":48}},"185":{"start":{"line":308,"column":4},"end":{"line":308,"column":66}},"186":{"start":{"line":312,"column":13},"end":{"line":312,"column":37}},"187":{"start":{"line":315,"column":2},"end":{"line":317,"column":5}},"188":{"start":{"line":316,"column":4},"end":{"line":316,"column":66}},"189":{"start":{"line":321,"column":0},"end":{"line":321,"column":9}},"190":{"start":{"line":324,"column":0},"end":{"line":326,"column":1}},"191":{"start":{"line":325,"column":2},"end":{"line":325,"column":16}},"192":{"start":{"line":329,"column":0},"end":{"line":329,"column":21}}},"fnMap":{"0":{"name":"initDB","decl":{"start":{"line":30,"column":15},"end":{"line":30,"column":21}},"loc":{"start":{"line":30,"column":24},"end":{"line":77,"column":1}},"line":30},"1":{"name":"getUserFromHeader","decl":{"start":{"line":80,"column":15},"end":{"line":80,"column":32}},"loc":{"start":{"line":80,"column":38},"end":{"line":90,"column":1}},"line":80},"2":{"name":"(anonymous_2)","decl":{"start":{"line":85,"column":34},"end":{"line":85,"column":35}},"loc":{"start":{"line":85,"column":39},"end":{"line":85,"column":68}},"line":85},"3":{"name":"(anonymous_3)","decl":{"start":{"line":93,"column":13},"end":{"line":93,"column":14}},"loc":{"start":{"line":93,"column":27},"end":{"line":95,"column":1}},"line":93},"4":{"name":"(anonymous_4)","decl":{"start":{"line":98,"column":19},"end":{"line":98,"column":20}},"loc":{"start":{"line":98,"column":33},"end":{"line":100,"column":1}},"line":98},"5":{"name":"(anonymous_5)","decl":{"start":{"line":103,"column":26},"end":{"line":103,"column":27}},"loc":{"start":{"line":103,"column":46},"end":{"line":123,"column":1}},"line":103},"6":{"name":"(anonymous_6)","decl":{"start":{"line":108,"column":33},"end":{"line":108,"column":34}},"loc":{"start":{"line":108,"column":38},"end":{"line":108,"column":55}},"line":108},"7":{"name":"(anonymous_7)","decl":{"start":{"line":111,"column":83},"end":{"line":111,"column":84}},"loc":{"start":{"line":111,"column":88},"end":{"line":111,"column":92}},"line":111},"8":{"name":"(anonymous_8)","decl":{"start":{"line":125,"column":23},"end":{"line":125,"column":24}},"loc":{"start":{"line":125,"column":43},"end":{"line":144,"column":1}},"line":125},"9":{"name":"(anonymous_9)","decl":{"start":{"line":131,"column":36},"end":{"line":131,"column":37}},"loc":{"start":{"line":131,"column":41},"end":{"line":131,"column":85}},"line":131},"10":{"name":"(anonymous_10)","decl":{"start":{"line":147,"column":23},"end":{"line":147,"column":24}},"loc":{"start":{"line":147,"column":43},"end":{"line":175,"column":1}},"line":147},"11":{"name":"(anonymous_11)","decl":{"start":{"line":160,"column":83},"end":{"line":160,"column":84}},"loc":{"start":{"line":160,"column":88},"end":{"line":160,"column":92}},"line":160},"12":{"name":"(anonymous_12)","decl":{"start":{"line":178,"column":22},"end":{"line":178,"column":23}},"loc":{"start":{"line":178,"column":42},"end":{"line":214,"column":1}},"line":178},"13":{"name":"(anonymous_13)","decl":{"start":{"line":189,"column":37},"end":{"line":189,"column":38}},"loc":{"start":{"line":189,"column":45},"end":{"line":196,"column":9}},"line":189},"14":{"name":"(anonymous_14)","decl":{"start":{"line":190,"column":51},"end":{"line":190,"column":52}},"loc":{"start":{"line":190,"column":56},"end":{"line":190,"column":77}},"line":190},"15":{"name":"(anonymous_15)","decl":{"start":{"line":199,"column":40},"end":{"line":199,"column":41}},"loc":{"start":{"line":199,"column":45},"end":{"line":199,"column":66}},"line":199},"16":{"name":"(anonymous_16)","decl":{"start":{"line":217,"column":36},"end":{"line":217,"column":37}},"loc":{"start":{"line":217,"column":56},"end":{"line":246,"column":1}},"line":217},"17":{"name":"(anonymous_17)","decl":{"start":{"line":231,"column":42},"end":{"line":231,"column":43}},"loc":{"start":{"line":231,"column":47},"end":{"line":231,"column":72}},"line":231},"18":{"name":"(anonymous_18)","decl":{"start":{"line":249,"column":37},"end":{"line":249,"column":38}},"loc":{"start":{"line":249,"column":57},"end":{"line":281,"column":1}},"line":249},"19":{"name":"(anonymous_19)","decl":{"start":{"line":259,"column":42},"end":{"line":259,"column":43}},"loc":{"start":{"line":259,"column":47},"end":{"line":259,"column":72}},"line":259},"20":{"name":"(anonymous_20)","decl":{"start":{"line":263,"column":98},"end":{"line":263,"column":99}},"loc":{"start":{"line":263,"column":103},"end":{"line":263,"column":107}},"line":263},"21":{"name":"(anonymous_21)","decl":{"start":{"line":284,"column":37},"end":{"line":284,"column":38}},"loc":{"start":{"line":284,"column":57},"end":{"line":310,"column":1}},"line":284},"22":{"name":"(anonymous_22)","decl":{"start":{"line":293,"column":42},"end":{"line":293,"column":43}},"loc":{"start":{"line":293,"column":47},"end":{"line":293,"column":72}},"line":293},"23":{"name":"(anonymous_23)","decl":{"start":{"line":296,"column":49},"end":{"line":296,"column":50}},"loc":{"start":{"line":296,"column":54},"end":{"line":296,"column":84}},"line":296},"24":{"name":"startServer","decl":{"start":{"line":314,"column":15},"end":{"line":314,"column":26}},"loc":{"start":{"line":314,"column":29},"end":{"line":318,"column":1}},"line":314},"25":{"name":"(anonymous_25)","decl":{"start":{"line":315,"column":19},"end":{"line":315,"column":20}},"loc":{"start":{"line":315,"column":25},"end":{"line":317,"column":3}},"line":315}},"branchMap":{"0":{"loc":{"start":{"line":13,"column":8},"end":{"line":13,"column":42}},"type":"binary-expr","locations":[{"start":{"line":13,"column":8},"end":{"line":13,"column":27}},{"start":{"line":13,"column":31},"end":{"line":13,"column":42}}],"line":13},"1":{"loc":{"start":{"line":14,"column":8},"end":{"line":14,"column":37}},"type":"binary-expr","locations":[{"start":{"line":14,"column":8},"end":{"line":14,"column":27}},{"start":{"line":14,"column":31},"end":{"line":14,"column":37}}],"line":14},"2":{"loc":{"start":{"line":15,"column":12},"end":{"line":15,"column":49}},"type":"binary-expr","locations":[{"start":{"line":15,"column":12},"end":{"line":15,"column":35}},{"start":{"line":15,"column":39},"end":{"line":15,"column":49}}],"line":15},"3":{"loc":{"start":{"line":16,"column":12},"end":{"line":16,"column":52}},"type":"binary-expr","locations":[{"start":{"line":16,"column":12},"end":{"line":16,"column":31}},{"start":{"line":16,"column":35},"end":{"line":16,"column":52}}],"line":16},"4":{"loc":{"start":{"line":82,"column":2},"end":{"line":82,"column":27}},"type":"if","locations":[{"start":{"line":82,"column":2},"end":{"line":82,"column":27}},{"start":{},"end":{}}],"line":82},"5":{"loc":{"start":{"line":84,"column":2},"end":{"line":86,"column":3}},"type":"if","locations":[{"start":{"line":84,"column":2},"end":{"line":86,"column":3}},{"start":{},"end":{}}],"line":84},"6":{"loc":{"start":{"line":85,"column":11},"end":{"line":85,"column":77}},"type":"binary-expr","locations":[{"start":{"line":85,"column":11},"end":{"line":85,"column":69}},{"start":{"line":85,"column":73},"end":{"line":85,"column":77}}],"line":85},"7":{"loc":{"start":{"line":89,"column":9},"end":{"line":89,"column":24}},"type":"binary-expr","locations":[{"start":{"line":89,"column":9},"end":{"line":89,"column":16}},{"start":{"line":89,"column":20},"end":{"line":89,"column":24}}],"line":89},"8":{"loc":{"start":{"line":105,"column":2},"end":{"line":105,"column":107}},"type":"if","locations":[{"start":{"line":105,"column":2},"end":{"line":105,"column":107}},{"start":{},"end":{}}],"line":105},"9":{"loc":{"start":{"line":105,"column":6},"end":{"line":105,"column":34}},"type":"binary-expr","locations":[{"start":{"line":105,"column":6},"end":{"line":105,"column":11}},{"start":{"line":105,"column":15},"end":{"line":105,"column":21}},{"start":{"line":105,"column":25},"end":{"line":105,"column":34}}],"line":105},"10":{"loc":{"start":{"line":107,"column":4},"end":{"line":118,"column":5}},"type":"if","locations":[{"start":{"line":107,"column":4},"end":{"line":118,"column":5}},{"start":{"line":115,"column":11},"end":{"line":118,"column":5}}],"line":107},"11":{"loc":{"start":{"line":108,"column":6},"end":{"line":110,"column":7}},"type":"if","locations":[{"start":{"line":108,"column":6},"end":{"line":110,"column":7}},{"start":{},"end":{}}],"line":108},"12":{"loc":{"start":{"line":111,"column":18},"end":{"line":111,"column":98}},"type":"cond-expr","locations":[{"start":{"line":111,"column":49},"end":{"line":111,"column":94}},{"start":{"line":111,"column":97},"end":{"line":111,"column":98}}],"line":111},"13":{"loc":{"start":{"line":127,"column":2},"end":{"line":127,"column":93}},"type":"if","locations":[{"start":{"line":127,"column":2},"end":{"line":127,"column":93}},{"start":{},"end":{}}],"line":127},"14":{"loc":{"start":{"line":127,"column":6},"end":{"line":127,"column":25}},"type":"binary-expr","locations":[{"start":{"line":127,"column":6},"end":{"line":127,"column":12}},{"start":{"line":127,"column":16},"end":{"line":127,"column":25}}],"line":127},"15":{"loc":{"start":{"line":130,"column":4},"end":{"line":139,"column":5}},"type":"if","locations":[{"start":{"line":130,"column":4},"end":{"line":139,"column":5}},{"start":{"line":135,"column":11},"end":{"line":139,"column":5}}],"line":130},"16":{"loc":{"start":{"line":131,"column":41},"end":{"line":131,"column":85}},"type":"binary-expr","locations":[{"start":{"line":131,"column":41},"end":{"line":131,"column":58}},{"start":{"line":131,"column":62},"end":{"line":131,"column":85}}],"line":131},"17":{"loc":{"start":{"line":132,"column":6},"end":{"line":132,"column":79}},"type":"if","locations":[{"start":{"line":132,"column":6},"end":{"line":132,"column":79}},{"start":{},"end":{}}],"line":132},"18":{"loc":{"start":{"line":137,"column":6},"end":{"line":137,"column":91}},"type":"if","locations":[{"start":{"line":137,"column":6},"end":{"line":137,"column":91}},{"start":{},"end":{}}],"line":137},"19":{"loc":{"start":{"line":150,"column":4},"end":{"line":150,"column":101}},"type":"if","locations":[{"start":{"line":150,"column":4},"end":{"line":150,"column":101}},{"start":{},"end":{}}],"line":150},"20":{"loc":{"start":{"line":153,"column":4},"end":{"line":153,"column":107}},"type":"if","locations":[{"start":{"line":153,"column":4},"end":{"line":153,"column":107}},{"start":{},"end":{}}],"line":153},"21":{"loc":{"start":{"line":153,"column":8},"end":{"line":153,"column":31}},"type":"binary-expr","locations":[{"start":{"line":153,"column":8},"end":{"line":153,"column":15}},{"start":{"line":153,"column":19},"end":{"line":153,"column":31}}],"line":153},"22":{"loc":{"start":{"line":156,"column":4},"end":{"line":156,"column":103}},"type":"if","locations":[{"start":{"line":156,"column":4},"end":{"line":156,"column":103}},{"start":{},"end":{}}],"line":156},"23":{"loc":{"start":{"line":156,"column":8},"end":{"line":156,"column":39}},"type":"binary-expr","locations":[{"start":{"line":156,"column":8},"end":{"line":156,"column":19}},{"start":{"line":156,"column":23},"end":{"line":156,"column":39}}],"line":156},"24":{"loc":{"start":{"line":157,"column":4},"end":{"line":157,"column":122}},"type":"if","locations":[{"start":{"line":157,"column":4},"end":{"line":157,"column":122}},{"start":{},"end":{}}],"line":157},"25":{"loc":{"start":{"line":157,"column":8},"end":{"line":157,"column":45}},"type":"binary-expr","locations":[{"start":{"line":157,"column":8},"end":{"line":157,"column":24}},{"start":{"line":157,"column":28},"end":{"line":157,"column":45}}],"line":157},"26":{"loc":{"start":{"line":159,"column":4},"end":{"line":170,"column":5}},"type":"if","locations":[{"start":{"line":159,"column":4},"end":{"line":170,"column":5}},{"start":{"line":164,"column":11},"end":{"line":170,"column":5}}],"line":159},"27":{"loc":{"start":{"line":160,"column":18},"end":{"line":160,"column":98}},"type":"cond-expr","locations":[{"start":{"line":160,"column":49},"end":{"line":160,"column":94}},{"start":{"line":160,"column":97},"end":{"line":160,"column":98}}],"line":160},"28":{"loc":{"start":{"line":183,"column":4},"end":{"line":183,"column":96}},"type":"if","locations":[{"start":{"line":183,"column":4},"end":{"line":183,"column":96}},{"start":{},"end":{}}],"line":183},"29":{"loc":{"start":{"line":183,"column":8},"end":{"line":183,"column":31}},"type":"binary-expr","locations":[{"start":{"line":183,"column":8},"end":{"line":183,"column":13}},{"start":{"line":183,"column":17},"end":{"line":183,"column":31}}],"line":183},"30":{"loc":{"start":{"line":186,"column":4},"end":{"line":207,"column":5}},"type":"if","locations":[{"start":{"line":186,"column":4},"end":{"line":207,"column":5}},{"start":{"line":201,"column":11},"end":{"line":207,"column":5}}],"line":186},"31":{"loc":{"start":{"line":187,"column":6},"end":{"line":200,"column":7}},"type":"if","locations":[{"start":{"line":187,"column":6},"end":{"line":200,"column":7}},{"start":{"line":197,"column":13},"end":{"line":200,"column":7}}],"line":187},"32":{"loc":{"start":{"line":187,"column":10},"end":{"line":187,"column":41}},"type":"binary-expr","locations":[{"start":{"line":187,"column":10},"end":{"line":187,"column":23}},{"start":{"line":187,"column":27},"end":{"line":187,"column":41}}],"line":187},"33":{"loc":{"start":{"line":202,"column":6},"end":{"line":206,"column":7}},"type":"if","locations":[{"start":{"line":202,"column":6},"end":{"line":206,"column":7}},{"start":{"line":204,"column":13},"end":{"line":206,"column":7}}],"line":202},"34":{"loc":{"start":{"line":202,"column":10},"end":{"line":202,"column":41}},"type":"binary-expr","locations":[{"start":{"line":202,"column":10},"end":{"line":202,"column":23}},{"start":{"line":202,"column":27},"end":{"line":202,"column":41}}],"line":202},"35":{"loc":{"start":{"line":221,"column":4},"end":{"line":221,"column":116}},"type":"if","locations":[{"start":{"line":221,"column":4},"end":{"line":221,"column":116}},{"start":{},"end":{}}],"line":221},"36":{"loc":{"start":{"line":221,"column":8},"end":{"line":221,"column":50}},"type":"binary-expr","locations":[{"start":{"line":221,"column":8},"end":{"line":221,"column":22}},{"start":{"line":221,"column":26},"end":{"line":221,"column":50}}],"line":221},"37":{"loc":{"start":{"line":221,"column":28},"end":{"line":221,"column":49}},"type":"binary-expr","locations":[{"start":{"line":221,"column":28},"end":{"line":221,"column":32}},{"start":{"line":221,"column":36},"end":{"line":221,"column":49}}],"line":221},"38":{"loc":{"start":{"line":225,"column":4},"end":{"line":225,"column":106}},"type":"if","locations":[{"start":{"line":225,"column":4},"end":{"line":225,"column":106}},{"start":{},"end":{}}],"line":225},"39":{"loc":{"start":{"line":227,"column":19},"end":{"line":227,"column":65}},"type":"cond-expr","locations":[{"start":{"line":227,"column":42},"end":{"line":227,"column":52}},{"start":{"line":227,"column":55},"end":{"line":227,"column":65}}],"line":227},"40":{"loc":{"start":{"line":228,"column":23},"end":{"line":228,"column":53}},"type":"cond-expr","locations":[{"start":{"line":228,"column":39},"end":{"line":228,"column":43}},{"start":{"line":228,"column":46},"end":{"line":228,"column":53}}],"line":228},"41":{"loc":{"start":{"line":230,"column":4},"end":{"line":241,"column":5}},"type":"if","locations":[{"start":{"line":230,"column":4},"end":{"line":241,"column":5}},{"start":{"line":237,"column":11},"end":{"line":241,"column":5}}],"line":230},"42":{"loc":{"start":{"line":232,"column":6},"end":{"line":232,"column":74}},"type":"if","locations":[{"start":{"line":232,"column":6},"end":{"line":232,"column":74}},{"start":{},"end":{}}],"line":232},"43":{"loc":{"start":{"line":239,"column":6},"end":{"line":239,"column":94}},"type":"if","locations":[{"start":{"line":239,"column":6},"end":{"line":239,"column":94}},{"start":{},"end":{}}],"line":239},"44":{"loc":{"start":{"line":252,"column":4},"end":{"line":252,"column":101}},"type":"if","locations":[{"start":{"line":252,"column":4},"end":{"line":252,"column":101}},{"start":{},"end":{}}],"line":252},"45":{"loc":{"start":{"line":256,"column":4},"end":{"line":256,"column":99}},"type":"if","locations":[{"start":{"line":256,"column":4},"end":{"line":256,"column":99}},{"start":{},"end":{}}],"line":256},"46":{"loc":{"start":{"line":256,"column":8},"end":{"line":256,"column":30}},"type":"binary-expr","locations":[{"start":{"line":256,"column":8},"end":{"line":256,"column":15}},{"start":{"line":256,"column":19},"end":{"line":256,"column":30}}],"line":256},"47":{"loc":{"start":{"line":258,"column":4},"end":{"line":276,"column":5}},"type":"if","locations":[{"start":{"line":258,"column":4},"end":{"line":276,"column":5}},{"start":{"line":267,"column":11},"end":{"line":276,"column":5}}],"line":258},"48":{"loc":{"start":{"line":260,"column":6},"end":{"line":260,"column":74}},"type":"if","locations":[{"start":{"line":260,"column":6},"end":{"line":260,"column":74}},{"start":{},"end":{}}],"line":260},"49":{"loc":{"start":{"line":261,"column":6},"end":{"line":261,"column":125}},"type":"if","locations":[{"start":{"line":261,"column":6},"end":{"line":261,"column":125}},{"start":{},"end":{}}],"line":261},"50":{"loc":{"start":{"line":261,"column":10},"end":{"line":261,"column":52}},"type":"binary-expr","locations":[{"start":{"line":261,"column":10},"end":{"line":261,"column":34}},{"start":{"line":261,"column":38},"end":{"line":261,"column":52}}],"line":261},"51":{"loc":{"start":{"line":263,"column":23},"end":{"line":263,"column":113}},"type":"cond-expr","locations":[{"start":{"line":263,"column":59},"end":{"line":263,"column":109}},{"start":{"line":263,"column":112},"end":{"line":263,"column":113}}],"line":263},"52":{"loc":{"start":{"line":271,"column":6},"end":{"line":271,"column":74}},"type":"if","locations":[{"start":{"line":271,"column":6},"end":{"line":271,"column":74}},{"start":{},"end":{}}],"line":271},"53":{"loc":{"start":{"line":272,"column":6},"end":{"line":272,"column":125}},"type":"if","locations":[{"start":{"line":272,"column":6},"end":{"line":272,"column":125}},{"start":{},"end":{}}],"line":272},"54":{"loc":{"start":{"line":272,"column":10},"end":{"line":272,"column":52}},"type":"binary-expr","locations":[{"start":{"line":272,"column":10},"end":{"line":272,"column":34}},{"start":{"line":272,"column":38},"end":{"line":272,"column":52}}],"line":272},"55":{"loc":{"start":{"line":287,"column":4},"end":{"line":287,"column":101}},"type":"if","locations":[{"start":{"line":287,"column":4},"end":{"line":287,"column":101}},{"start":{},"end":{}}],"line":287},"56":{"loc":{"start":{"line":291,"column":4},"end":{"line":305,"column":5}},"type":"if","locations":[{"start":{"line":291,"column":4},"end":{"line":305,"column":5}},{"start":{"line":298,"column":11},"end":{"line":305,"column":5}}],"line":291},"57":{"loc":{"start":{"line":294,"column":6},"end":{"line":294,"column":74}},"type":"if","locations":[{"start":{"line":294,"column":6},"end":{"line":294,"column":74}},{"start":{},"end":{}}],"line":294},"58":{"loc":{"start":{"line":301,"column":6},"end":{"line":301,"column":87}},"type":"if","locations":[{"start":{"line":301,"column":6},"end":{"line":301,"column":87}},{"start":{},"end":{}}],"line":301},"59":{"loc":{"start":{"line":312,"column":13},"end":{"line":312,"column":37}},"type":"binary-expr","locations":[{"start":{"line":312,"column":13},"end":{"line":312,"column":29}},{"start":{"line":312,"column":33},"end":{"line":312,"column":37}}],"line":312},"60":{"loc":{"start":{"line":324,"column":0},"end":{"line":326,"column":1}},"type":"if","locations":[{"start":{"line":324,"column":0},"end":{"line":326,"column":1}},{"start":{},"end":{}}],"line":324}},"s":{"0":1,"1":1,"2":1,"3":1,"4":1,"5":1,"6":1,"7":1,"8":1,"9":1,"10":1,"11":1,"12":0,"13":0,"14":0,"15":0,"16":1,"17":1,"18":52,"19":52,"20":14,"21":38,"22":38,"23":631,"24":0,"25":0,"26":1,"27":0,"28":1,"29":2,"30":1,"31":33,"32":33,"33":3,"34":30,"35":30,"36":30,"37":314,"38":5,"39":25,"40":300,"41":25,"42":25,"43":25,"44":0,"45":0,"46":0,"47":0,"48":1,"49":5,"50":5,"51":2,"52":3,"53":3,"54":3,"55":9,"56":3,"57":2,"58":1,"59":0,"60":0,"61":0,"62":0,"63":0,"64":0,"65":1,"66":25,"67":25,"68":25,"69":1,"70":24,"71":24,"72":3,"73":21,"74":1,"75":20,"76":0,"77":20,"78":20,"79":190,"80":20,"81":20,"82":20,"83":0,"84":0,"85":0,"86":0,"87":1,"88":3,"89":3,"90":3,"91":3,"92":1,"93":2,"94":2,"95":1,"96":5,"97":46,"98":5,"99":1,"100":3,"101":0,"102":0,"103":0,"104":2,"105":0,"106":0,"107":1,"108":10,"109":10,"110":10,"111":10,"112":1,"113":9,"114":9,"115":9,"116":1,"117":8,"118":8,"119":8,"120":8,"121":104,"122":8,"123":1,"124":7,"125":7,"126":7,"127":7,"128":0,"129":0,"130":0,"131":0,"132":0,"133":0,"134":1,"135":11,"136":11,"137":11,"138":1,"139":10,"140":10,"141":10,"142":2,"143":8,"144":8,"145":144,"146":8,"147":1,"148":7,"149":0,"150":7,"151":21,"152":7,"153":7,"154":7,"155":0,"156":0,"157":0,"158":0,"159":0,"160":0,"161":0,"162":0,"163":0,"164":0,"165":1,"166":3,"167":3,"168":3,"169":1,"170":2,"171":2,"172":2,"173":38,"174":2,"175":1,"176":1,"177":3,"178":1,"179":0,"180":0,"181":0,"182":0,"183":0,"184":0,"185":0,"186":1,"187":0,"188":0,"189":1,"190":1,"191":0,"192":1},"f":{"0":1,"1":52,"2":631,"3":0,"4":2,"5":33,"6":314,"7":300,"8":5,"9":9,"10":25,"11":190,"12":3,"13":5,"14":46,"15":3,"16":10,"17":104,"18":11,"19":144,"20":21,"21":3,"22":38,"23":3,"24":0,"25":0},"b":{"0":[1,0],"1":[1,1],"2":[1,1],"3":[1,1],"4":[14,38],"5":[38,0],"6":[38,0],"7":[0,0],"8":[3,30],"9":[33,32,31],"10":[30,0],"11":[5,25],"12":[24,1],"13":[2,3],"14":[5,4],"15":[3,0],"16":[9,2],"17":[2,1],"18":[0,0],"19":[1,24],"20":[3,21],"21":[24,23],"22":[1,20],"23":[21,20],"24":[0,20],"25":[20,20],"26":[20,0],"27":[19,1],"28":[1,2],"29":[3,2],"30":[2,0],"31":[1,1],"32":[2,1],"33":[0,0],"34":[0,0],"35":[1,9],"36":[10,1],"37":[1,1],"38":[1,8],"39":[7,1],"40":[8,0],"41":[8,0],"42":[1,7],"43":[0,0],"44":[1,10],"45":[2,8],"46":[10,9],"47":[8,0],"48":[1,7],"49":[0,7],"50":[7,0],"51":[6,1],"52":[0,0],"53":[0,0],"54":[0,0],"55":[1,2],"56":[2,0],"57":[1,1],"58":[0,0],"59":[1,1],"60":[0,1]},"_coverageSchema":"1a1c01bbd47fc00a2c39e90264f33305004495a9","hash":"eb466a7ae79d0ce726b6602e9846d5035a4bf317"}
}
