TN:
SF:index.js
FN:30,initDB
FN:80,getUserFromHeader
FN:85,(anonymous_2)
FN:93,(anonymous_3)
FN:98,(anonymous_4)
FN:103,(anonymous_5)
FN:108,(anonymous_6)
FN:111,(anonymous_7)
FN:125,(anonymous_8)
FN:131,(anonymous_9)
FN:147,(anonymous_10)
FN:160,(anonymous_11)
FN:178,(anonymous_12)
FN:189,(anonymous_13)
FN:190,(anonymous_14)
FN:199,(anonymous_15)
FN:217,(anonymous_16)
FN:231,(anonymous_17)
FN:249,(anonymous_18)
FN:259,(anonymous_19)
FN:263,(anonymous_20)
FN:284,(anonymous_21)
FN:293,(anonymous_22)
FN:296,(anonymous_23)
FN:314,startServer
FN:315,(anonymous_25)
FNF:26
FNH:23
FNDA:1,initDB
FNDA:52,getUserFromHeader
FNDA:631,(anonymous_2)
FNDA:0,(anonymous_3)
FNDA:2,(anonymous_4)
FNDA:33,(anonymous_5)
FNDA:314,(anonymous_6)
FNDA:300,(anonymous_7)
FNDA:5,(anonymous_8)
FNDA:9,(anonymous_9)
FNDA:25,(anonymous_10)
FNDA:190,(anonymous_11)
FNDA:3,(anonymous_12)
FNDA:5,(anonymous_13)
FNDA:46,(anonymous_14)
FNDA:3,(anonymous_15)
FNDA:10,(anonymous_16)
FNDA:104,(anonymous_17)
FNDA:11,(anonymous_18)
FNDA:144,(anonymous_19)
FNDA:21,(anonymous_20)
FNDA:3,(anonymous_21)
FNDA:38,(anonymous_22)
FNDA:3,(anonymous_23)
FNDA:0,startServer
FNDA:0,(anonymous_25)
DA:1,1
DA:2,1
DA:3,1
DA:4,1
DA:7,1
DA:8,1
DA:9,1
DA:12,1
DA:20,1
DA:23,1
DA:31,1
DA:32,1
DA:35,0
DA:47,0
DA:62,0
DA:72,0
DA:74,1
DA:75,1
DA:81,52
DA:82,52
DA:84,38
DA:85,631
DA:88,0
DA:89,0
DA:93,1
DA:94,0
DA:98,1
DA:99,2
DA:103,1
DA:104,33
DA:105,33
DA:106,30
DA:107,30
DA:108,314
DA:109,5
DA:111,300
DA:112,25
DA:113,25
DA:114,25
DA:116,0
DA:117,0
DA:120,0
DA:121,0
DA:125,1
DA:126,5
DA:127,5
DA:128,3
DA:130,3
DA:131,9
DA:132,3
DA:134,1
DA:136,0
DA:137,0
DA:138,0
DA:141,0
DA:142,0
DA:147,1
DA:148,25
DA:149,25
DA:150,25
DA:152,24
DA:153,24
DA:156,21
DA:157,20
DA:159,20
DA:160,190
DA:161,20
DA:162,20
DA:163,20
DA:165,0
DA:169,0
DA:172,0
DA:173,0
DA:178,1
DA:179,3
DA:180,3
DA:181,3
DA:183,3
DA:186,2
DA:187,2
DA:189,1
DA:190,46
DA:191,5
DA:199,3
DA:202,0
DA:203,0
DA:205,0
DA:209,2
DA:211,0
DA:212,0
DA:217,1
DA:218,10
DA:219,10
DA:220,10
DA:221,10
DA:223,9
DA:224,9
DA:225,9
DA:227,8
DA:228,8
DA:230,8
DA:231,104
DA:232,8
DA:233,7
DA:234,7
DA:235,7
DA:236,7
DA:238,0
DA:239,0
DA:240,0
DA:243,0
DA:244,0
DA:249,1
DA:250,11
DA:251,11
DA:252,11
DA:254,10
DA:255,10
DA:256,10
DA:258,8
DA:259,144
DA:260,8
DA:261,7
DA:263,21
DA:264,7
DA:265,7
DA:266,7
DA:269,0
DA:270,0
DA:271,0
DA:272,0
DA:274,0
DA:275,0
DA:278,0
DA:279,0
DA:284,1
DA:285,3
DA:286,3
DA:287,3
DA:289,2
DA:291,2
DA:293,38
DA:294,2
DA:296,3
DA:297,1
DA:300,0
DA:301,0
DA:303,0
DA:304,0
DA:307,0
DA:308,0
DA:312,1
DA:315,0
DA:316,0
DA:321,1
DA:324,1
DA:325,0
DA:329,1
LF:158
LH:111
BRDA:13,0,0,1
BRDA:13,0,1,0
BRDA:14,1,0,1
BRDA:14,1,1,1
BRDA:15,2,0,1
BRDA:15,2,1,1
BRDA:16,3,0,1
BRDA:16,3,1,1
BRDA:82,4,0,14
BRDA:82,4,1,38
BRDA:84,5,0,38
BRDA:84,5,1,0
BRDA:85,6,0,38
BRDA:85,6,1,0
BRDA:89,7,0,0
BRDA:89,7,1,0
BRDA:105,8,0,3
BRDA:105,8,1,30
BRDA:105,9,0,33
BRDA:105,9,1,32
BRDA:105,9,2,31
BRDA:107,10,0,30
BRDA:107,10,1,0
BRDA:108,11,0,5
BRDA:108,11,1,25
BRDA:111,12,0,24
BRDA:111,12,1,1
BRDA:127,13,0,2
BRDA:127,13,1,3
BRDA:127,14,0,5
BRDA:127,14,1,4
BRDA:130,15,0,3
BRDA:130,15,1,0
BRDA:131,16,0,9
BRDA:131,16,1,2
BRDA:132,17,0,2
BRDA:132,17,1,1
BRDA:137,18,0,0
BRDA:137,18,1,0
BRDA:150,19,0,1
BRDA:150,19,1,24
BRDA:153,20,0,3
BRDA:153,20,1,21
BRDA:153,21,0,24
BRDA:153,21,1,23
BRDA:156,22,0,1
BRDA:156,22,1,20
BRDA:156,23,0,21
BRDA:156,23,1,20
BRDA:157,24,0,0
BRDA:157,24,1,20
BRDA:157,25,0,20
BRDA:157,25,1,20
BRDA:159,26,0,20
BRDA:159,26,1,0
BRDA:160,27,0,19
BRDA:160,27,1,1
BRDA:183,28,0,1
BRDA:183,28,1,2
BRDA:183,29,0,3
BRDA:183,29,1,2
BRDA:186,30,0,2
BRDA:186,30,1,0
BRDA:187,31,0,1
BRDA:187,31,1,1
BRDA:187,32,0,2
BRDA:187,32,1,1
BRDA:202,33,0,0
BRDA:202,33,1,0
BRDA:202,34,0,0
BRDA:202,34,1,0
BRDA:221,35,0,1
BRDA:221,35,1,9
BRDA:221,36,0,10
BRDA:221,36,1,1
BRDA:221,37,0,1
BRDA:221,37,1,1
BRDA:225,38,0,1
BRDA:225,38,1,8
BRDA:227,39,0,7
BRDA:227,39,1,1
BRDA:228,40,0,8
BRDA:228,40,1,0
BRDA:230,41,0,8
BRDA:230,41,1,0
BRDA:232,42,0,1
BRDA:232,42,1,7
BRDA:239,43,0,0
BRDA:239,43,1,0
BRDA:252,44,0,1
BRDA:252,44,1,10
BRDA:256,45,0,2
BRDA:256,45,1,8
BRDA:256,46,0,10
BRDA:256,46,1,9
BRDA:258,47,0,8
BRDA:258,47,1,0
BRDA:260,48,0,1
BRDA:260,48,1,7
BRDA:261,49,0,0
BRDA:261,49,1,7
BRDA:261,50,0,7
BRDA:261,50,1,0
BRDA:263,51,0,6
BRDA:263,51,1,1
BRDA:271,52,0,0
BRDA:271,52,1,0
BRDA:272,53,0,0
BRDA:272,53,1,0
BRDA:272,54,0,0
BRDA:272,54,1,0
BRDA:287,55,0,1
BRDA:287,55,1,2
BRDA:291,56,0,2
BRDA:291,56,1,0
BRDA:294,57,0,1
BRDA:294,57,1,1
BRDA:301,58,0,0
BRDA:301,58,1,0
BRDA:312,59,0,1
BRDA:312,59,1,1
BRDA:324,60,0,0
BRDA:324,60,1,1
BRF:123
BRH:90
end_of_record
